Analysis & Synthesis report for Chat2SnackManager
Fri Nov  7 11:30:42 2025
Quartus Prime Version 24.1std.0 Build 1077 03/04/2025 SC Lite Edition


---------------------
; Table of Contents ;
---------------------
  1. Legal Notice
  2. Analysis & Synthesis Summary
  3. Analysis & Synthesis Settings
  4. Parallel Compilation
  5. Analysis & Synthesis Source Files Read
  6. Analysis & Synthesis Resource Usage Summary
  7. Analysis & Synthesis Resource Utilization by Entity
  8. State Machine - |Chat2SnackManager|seq_state
  9. State Machine - |Chat2SnackManager|DispenseController:dc_pizza|state
 10. State Machine - |Chat2SnackManager|DispenseController:dc_ice_cream|state
 11. State Machine - |Chat2SnackManager|DispenseController:dc_soda|state
 12. State Machine - |Chat2SnackManager|DispenseController:dc_fries|state
 13. State Machine - |Chat2SnackManager|DispenseController:dc_burger|state
 14. State Machine - |Chat2SnackManager|UART_RX:uart_receiver|state
 15. Registers Removed During Synthesis
 16. General Register Statistics
 17. Inverted Register Statistics
 18. Multiplexer Restructuring Statistics (Restructuring Performed)
 19. Parameter Settings for User Entity Instance: UART_RX:uart_receiver
 20. Parameter Settings for User Entity Instance: DispenseController:dc_burger
 21. Parameter Settings for User Entity Instance: DispenseController:dc_fries
 22. Parameter Settings for User Entity Instance: DispenseController:dc_soda
 23. Parameter Settings for User Entity Instance: DispenseController:dc_ice_cream
 24. Parameter Settings for User Entity Instance: DispenseController:dc_pizza
 25. Parameter Settings for User Entity Instance: pwm_servo_continuous:pwm_burger
 26. Parameter Settings for User Entity Instance: pwm_servo_continuous:pwm_fries
 27. Parameter Settings for User Entity Instance: pwm_servo_continuous:pwm_soda
 28. Parameter Settings for User Entity Instance: pwm_servo_continuous:pwm_ice_cream
 29. Parameter Settings for User Entity Instance: pwm_servo_continuous:pwm_pizza
 30. Post-Synthesis Netlist Statistics for Top Partition
 31. Elapsed Time Per Partition
 32. Analysis & Synthesis Messages
 33. Analysis & Synthesis Suppressed Messages



----------------
; Legal Notice ;
----------------
Copyright (C) 2025  Altera Corporation. All rights reserved.
Your use of Altera Corporation's design tools, logic functions 
and other software and tools, and any partner logic 
functions, and any output files from any of the foregoing 
(including device programming or simulation files), and any 
associated documentation or information are expressly subject 
to the terms and conditions of the Altera Program License 
Subscription Agreement, the Altera Quartus Prime License Agreement,
the Altera IP License Agreement, or other applicable license
agreement, including, without limitation, that your use is for
the sole purpose of programming logic devices manufactured by
Altera and sold by Altera or its authorized distributors.  Please
refer to the Altera Software License Subscription Agreements 
on the Quartus Prime software download page.



+--------------------------------------------------------------------------------------+
; Analysis & Synthesis Summary                                                         ;
+------------------------------------+-------------------------------------------------+
; Analysis & Synthesis Status        ; Successful - Fri Nov  7 11:30:42 2025           ;
; Quartus Prime Version              ; 24.1std.0 Build 1077 03/04/2025 SC Lite Edition ;
; Revision Name                      ; Chat2SnackManager                               ;
; Top-level Entity Name              ; Chat2SnackManager                               ;
; Family                             ; MAX 10                                          ;
; Total logic elements               ; 591                                             ;
;     Total combinational functions  ; 549                                             ;
;     Dedicated logic registers      ; 340                                             ;
; Total registers                    ; 340                                             ;
; Total pins                         ; 29                                              ;
; Total virtual pins                 ; 0                                               ;
; Total memory bits                  ; 0                                               ;
; Embedded Multiplier 9-bit elements ; 0                                               ;
; Total PLLs                         ; 0                                               ;
; UFM blocks                         ; 0                                               ;
; ADC blocks                         ; 0                                               ;
+------------------------------------+-------------------------------------------------+


+------------------------------------------------------------------------------------------------------------+
; Analysis & Synthesis Settings                                                                              ;
+------------------------------------------------------------------+--------------------+--------------------+
; Option                                                           ; Setting            ; Default Value      ;
+------------------------------------------------------------------+--------------------+--------------------+
; Device                                                           ; 10M50DAF484C7G     ;                    ;
; Top-level entity name                                            ; Chat2SnackManager  ; Chat2SnackManager  ;
; Family name                                                      ; MAX 10             ; Cyclone V          ;
; Use smart compilation                                            ; Off                ; Off                ;
; Enable parallel Assembler and Timing Analyzer during compilation ; On                 ; On                 ;
; Enable compact report table                                      ; Off                ; Off                ;
; Restructure Multiplexers                                         ; Auto               ; Auto               ;
; Create Debugging Nodes for IP Cores                              ; Off                ; Off                ;
; Preserve fewer node names                                        ; On                 ; On                 ;
; Intel FPGA IP Evaluation Mode                                    ; Enable             ; Enable             ;
; Verilog Version                                                  ; Verilog_2001       ; Verilog_2001       ;
; VHDL Version                                                     ; VHDL_1993          ; VHDL_1993          ;
; State Machine Processing                                         ; Auto               ; Auto               ;
; Safe State Machine                                               ; Off                ; Off                ;
; Extract Verilog State Machines                                   ; On                 ; On                 ;
; Extract VHDL State Machines                                      ; On                 ; On                 ;
; Ignore Verilog initial constructs                                ; Off                ; Off                ;
; Iteration limit for constant Verilog loops                       ; 5000               ; 5000               ;
; Iteration limit for non-constant Verilog loops                   ; 250                ; 250                ;
; Add Pass-Through Logic to Inferred RAMs                          ; On                 ; On                 ;
; Infer RAMs from Raw Logic                                        ; On                 ; On                 ;
; Parallel Synthesis                                               ; On                 ; On                 ;
; DSP Block Balancing                                              ; Auto               ; Auto               ;
; NOT Gate Push-Back                                               ; On                 ; On                 ;
; Power-Up Don't Care                                              ; On                 ; On                 ;
; Remove Redundant Logic Cells                                     ; Off                ; Off                ;
; Remove Duplicate Registers                                       ; On                 ; On                 ;
; Ignore CARRY Buffers                                             ; Off                ; Off                ;
; Ignore CASCADE Buffers                                           ; Off                ; Off                ;
; Ignore GLOBAL Buffers                                            ; Off                ; Off                ;
; Ignore ROW GLOBAL Buffers                                        ; Off                ; Off                ;
; Ignore LCELL Buffers                                             ; Off                ; Off                ;
; Ignore SOFT Buffers                                              ; On                 ; On                 ;
; Limit AHDL Integers to 32 Bits                                   ; Off                ; Off                ;
; Optimization Technique                                           ; Balanced           ; Balanced           ;
; Carry Chain Length                                               ; 70                 ; 70                 ;
; Auto Carry Chains                                                ; On                 ; On                 ;
; Auto Open-Drain Pins                                             ; On                 ; On                 ;
; Perform WYSIWYG Primitive Resynthesis                            ; Off                ; Off                ;
; Auto ROM Replacement                                             ; On                 ; On                 ;
; Auto RAM Replacement                                             ; On                 ; On                 ;
; Auto DSP Block Replacement                                       ; On                 ; On                 ;
; Auto Shift Register Replacement                                  ; Auto               ; Auto               ;
; Allow Shift Register Merging across Hierarchies                  ; Auto               ; Auto               ;
; Auto Clock Enable Replacement                                    ; On                 ; On                 ;
; Strict RAM Replacement                                           ; Off                ; Off                ;
; Allow Synchronous Control Signals                                ; On                 ; On                 ;
; Force Use of Synchronous Clear Signals                           ; Off                ; Off                ;
; Auto RAM Block Balancing                                         ; On                 ; On                 ;
; Auto RAM to Logic Cell Conversion                                ; Off                ; Off                ;
; Auto Resource Sharing                                            ; Off                ; Off                ;
; Allow Any RAM Size For Recognition                               ; Off                ; Off                ;
; Allow Any ROM Size For Recognition                               ; Off                ; Off                ;
; Allow Any Shift Register Size For Recognition                    ; Off                ; Off                ;
; Use LogicLock Constraints during Resource Balancing              ; On                 ; On                 ;
; Ignore translate_off and synthesis_off directives                ; Off                ; Off                ;
; Timing-Driven Synthesis                                          ; On                 ; On                 ;
; Report Parameter Settings                                        ; On                 ; On                 ;
; Report Source Assignments                                        ; On                 ; On                 ;
; Report Connectivity Checks                                       ; On                 ; On                 ;
; Ignore Maximum Fan-Out Assignments                               ; Off                ; Off                ;
; Synchronization Register Chain Length                            ; 2                  ; 2                  ;
; Power Optimization During Synthesis                              ; Normal compilation ; Normal compilation ;
; HDL message level                                                ; Level2             ; Level2             ;
; Suppress Register Optimization Related Messages                  ; Off                ; Off                ;
; Number of Removed Registers Reported in Synthesis Report         ; 5000               ; 5000               ;
; Number of Swept Nodes Reported in Synthesis Report               ; 5000               ; 5000               ;
; Number of Inverted Registers Reported in Synthesis Report        ; 100                ; 100                ;
; Clock MUX Protection                                             ; On                 ; On                 ;
; Auto Gated Clock Conversion                                      ; Off                ; Off                ;
; Block Design Naming                                              ; Auto               ; Auto               ;
; SDC constraint protection                                        ; Off                ; Off                ;
; Synthesis Effort                                                 ; Auto               ; Auto               ;
; Shift Register Replacement - Allow Asynchronous Clear Signal     ; On                 ; On                 ;
; Pre-Mapping Resynthesis Optimization                             ; Off                ; Off                ;
; Analysis & Synthesis Message Level                               ; Medium             ; Medium             ;
; Disable Register Merging Across Hierarchies                      ; Auto               ; Auto               ;
; Resource Aware Inference For Block RAM                           ; On                 ; On                 ;
+------------------------------------------------------------------+--------------------+--------------------+


+------------------------------------------+
; Parallel Compilation                     ;
+----------------------------+-------------+
; Processors                 ; Number      ;
+----------------------------+-------------+
; Number detected on machine ; 12          ;
; Maximum allowed            ; 12          ;
;                            ;             ;
; Average used               ; 1.00        ;
; Maximum used               ; 12          ;
;                            ;             ;
; Usage by Processor         ; % Time Used ;
;     Processor 1            ; 100.0%      ;
;     Processor 2            ;   0.0%      ;
;     Processor 3            ;   0.0%      ;
;     Processor 4            ;   0.0%      ;
;     Processor 5            ;   0.0%      ;
;     Processor 6            ;   0.0%      ;
;     Processor 7            ;   0.0%      ;
;     Processor 8            ;   0.0%      ;
;     Processors 9-12        ;   0.0%      ;
+----------------------------+-------------+


+-----------------------------------------------------------------------------------------------------------------------------------------------+
; Analysis & Synthesis Source Files Read                                                                                                        ;
+----------------------------------------+-----------------+------------------------+-------------------------------------------------+---------+
; File Name with User-Entered Path       ; Used in Netlist ; File Type              ; File Name with Absolute Path                    ; Library ;
+----------------------------------------+-----------------+------------------------+-------------------------------------------------+---------+
; ../../Downloads/Chat2SnackManager.v    ; yes             ; User Verilog HDL File  ; C:/Users/allen/Downloads/Chat2SnackManager.v    ;         ;
; ../../Downloads/DispenseController.v   ; yes             ; User Verilog HDL File  ; C:/Users/allen/Downloads/DispenseController.v   ;         ;
; ../../Downloads/UART_RX.v              ; yes             ; User Verilog HDL File  ; C:/Users/allen/Downloads/UART_RX.v              ;         ;
; ../../Downloads/pwm_servo_continuous.v ; yes             ; User Verilog HDL File  ; C:/Users/allen/Downloads/pwm_servo_continuous.v ;         ;
+----------------------------------------+-----------------+------------------------+-------------------------------------------------+---------+


+---------------------------------------------------------+
; Analysis & Synthesis Resource Usage Summary             ;
+---------------------------------------------+-----------+
; Resource                                    ; Usage     ;
+---------------------------------------------+-----------+
; Estimated Total logic elements              ; 591       ;
;                                             ;           ;
; Total combinational functions               ; 549       ;
; Logic element usage by number of LUT inputs ;           ;
;     -- 4 input functions                    ; 226       ;
;     -- 3 input functions                    ; 56        ;
;     -- <=2 input functions                  ; 267       ;
;                                             ;           ;
; Logic elements by mode                      ;           ;
;     -- normal mode                          ; 332       ;
;     -- arithmetic mode                      ; 217       ;
;                                             ;           ;
; Total registers                             ; 340       ;
;     -- Dedicated logic registers            ; 340       ;
;     -- I/O registers                        ; 0         ;
;                                             ;           ;
; I/O pins                                    ; 29        ;
;                                             ;           ;
; Embedded Multiplier 9-bit elements          ; 0         ;
;                                             ;           ;
; Maximum fan-out node                        ; clk~input ;
; Maximum fan-out                             ; 340       ;
; Total fan-out                               ; 2961      ;
; Average fan-out                             ; 3.13      ;
+---------------------------------------------+-----------+


+--------------------------------------------------------------------------------------------------------------------------------------------------------------------------------------------------------------------------------------------------------------------------------------------+
; Analysis & Synthesis Resource Utilization by Entity                                                                                                                                                                                                                                        ;
+-----------------------------------------+---------------------+---------------------------+-------------+------------+--------------+---------+-----------+------+--------------+------------+-------------------------------------------------------+----------------------+--------------+
; Compilation Hierarchy Node              ; Combinational ALUTs ; Dedicated Logic Registers ; Memory Bits ; UFM Blocks ; DSP Elements ; DSP 9x9 ; DSP 18x18 ; Pins ; Virtual Pins ; ADC blocks ; Full Hierarchy Name                                   ; Entity Name          ; Library Name ;
+-----------------------------------------+---------------------+---------------------------+-------------+------------+--------------+---------+-----------+------+--------------+------------+-------------------------------------------------------+----------------------+--------------+
; |Chat2SnackManager                      ; 549 (22)            ; 340 (37)                  ; 0           ; 0          ; 0            ; 0       ; 0         ; 29   ; 0            ; 0          ; |Chat2SnackManager                                    ; Chat2SnackManager    ; work         ;
;    |DispenseController:dc_burger|       ; 61 (61)             ; 39 (39)                   ; 0           ; 0          ; 0            ; 0       ; 0         ; 0    ; 0            ; 0          ; |Chat2SnackManager|DispenseController:dc_burger       ; DispenseController   ; work         ;
;    |DispenseController:dc_fries|        ; 64 (64)             ; 39 (39)                   ; 0           ; 0          ; 0            ; 0       ; 0         ; 0    ; 0            ; 0          ; |Chat2SnackManager|DispenseController:dc_fries        ; DispenseController   ; work         ;
;    |DispenseController:dc_ice_cream|    ; 62 (62)             ; 39 (39)                   ; 0           ; 0          ; 0            ; 0       ; 0         ; 0    ; 0            ; 0          ; |Chat2SnackManager|DispenseController:dc_ice_cream    ; DispenseController   ; work         ;
;    |DispenseController:dc_pizza|        ; 61 (61)             ; 39 (39)                   ; 0           ; 0          ; 0            ; 0       ; 0         ; 0    ; 0            ; 0          ; |Chat2SnackManager|DispenseController:dc_pizza        ; DispenseController   ; work         ;
;    |DispenseController:dc_soda|         ; 61 (61)             ; 39 (39)                   ; 0           ; 0          ; 0            ; 0       ; 0         ; 0    ; 0            ; 0          ; |Chat2SnackManager|DispenseController:dc_soda         ; DispenseController   ; work         ;
;    |UART_RX:uart_receiver|              ; 86 (86)             ; 56 (56)                   ; 0           ; 0          ; 0            ; 0       ; 0         ; 0    ; 0            ; 0          ; |Chat2SnackManager|UART_RX:uart_receiver              ; UART_RX              ; work         ;
;    |pwm_servo_continuous:pwm_burger|    ; 64 (64)             ; 36 (36)                   ; 0           ; 0          ; 0            ; 0       ; 0         ; 0    ; 0            ; 0          ; |Chat2SnackManager|pwm_servo_continuous:pwm_burger    ; pwm_servo_continuous ; work         ;
;    |pwm_servo_continuous:pwm_fries|     ; 17 (17)             ; 4 (4)                     ; 0           ; 0          ; 0            ; 0       ; 0         ; 0    ; 0            ; 0          ; |Chat2SnackManager|pwm_servo_continuous:pwm_fries     ; pwm_servo_continuous ; work         ;
;    |pwm_servo_continuous:pwm_ice_cream| ; 17 (17)             ; 4 (4)                     ; 0           ; 0          ; 0            ; 0       ; 0         ; 0    ; 0            ; 0          ; |Chat2SnackManager|pwm_servo_continuous:pwm_ice_cream ; pwm_servo_continuous ; work         ;
;    |pwm_servo_continuous:pwm_pizza|     ; 17 (17)             ; 4 (4)                     ; 0           ; 0          ; 0            ; 0       ; 0         ; 0    ; 0            ; 0          ; |Chat2SnackManager|pwm_servo_continuous:pwm_pizza     ; pwm_servo_continuous ; work         ;
;    |pwm_servo_continuous:pwm_soda|      ; 17 (17)             ; 4 (4)                     ; 0           ; 0          ; 0            ; 0       ; 0         ; 0    ; 0            ; 0          ; |Chat2SnackManager|pwm_servo_continuous:pwm_soda      ; pwm_servo_continuous ; work         ;
+-----------------------------------------+---------------------+---------------------------+-------------+------------+--------------+---------+-----------+------+--------------+------------+-------------------------------------------------------+----------------------+--------------+
Note: For table entries with two numbers listed, the numbers in parentheses indicate the number of resources of the given type used by the specific entity alone. The numbers listed outside of parentheses indicate the total resources of the given type used by the specific entity and all of its sub-entities in the hierarchy.


Encoding Type:  One-Hot
+--------------------------------------------------------------------------------------------------------------------------------------------------------------------------------------------------------------------------------------------------------------------------------------------------------------------------------------------------------------------+
; State Machine - |Chat2SnackManager|seq_state                                                                                                                                                                                                                                                                                                                       ;
+--------------------------------+----------------------------+-----------------------------+-------------------------------+--------------------------------+---------------------------+----------------------------+----------------------------+-----------------------------+-----------------------------+------------------------------+----------------------+
; Name                           ; seq_state.S_SEQ_PIZZA_WAIT ; seq_state.S_SEQ_PIZZA_START ; seq_state.S_SEQ_ICECREAM_WAIT ; seq_state.S_SEQ_ICECREAM_START ; seq_state.S_SEQ_SODA_WAIT ; seq_state.S_SEQ_SODA_START ; seq_state.S_SEQ_FRIES_WAIT ; seq_state.S_SEQ_FRIES_START ; seq_state.S_SEQ_BURGER_WAIT ; seq_state.S_SEQ_BURGER_START ; seq_state.S_SEQ_IDLE ;
+--------------------------------+----------------------------+-----------------------------+-------------------------------+--------------------------------+---------------------------+----------------------------+----------------------------+-----------------------------+-----------------------------+------------------------------+----------------------+
; seq_state.S_SEQ_IDLE           ; 0                          ; 0                           ; 0                             ; 0                              ; 0                         ; 0                          ; 0                          ; 0                           ; 0                           ; 0                            ; 0                    ;
; seq_state.S_SEQ_BURGER_START   ; 0                          ; 0                           ; 0                             ; 0                              ; 0                         ; 0                          ; 0                          ; 0                           ; 0                           ; 1                            ; 1                    ;
; seq_state.S_SEQ_BURGER_WAIT    ; 0                          ; 0                           ; 0                             ; 0                              ; 0                         ; 0                          ; 0                          ; 0                           ; 1                           ; 0                            ; 1                    ;
; seq_state.S_SEQ_FRIES_START    ; 0                          ; 0                           ; 0                             ; 0                              ; 0                         ; 0                          ; 0                          ; 1                           ; 0                           ; 0                            ; 1                    ;
; seq_state.S_SEQ_FRIES_WAIT     ; 0                          ; 0                           ; 0                             ; 0                              ; 0                         ; 0                          ; 1                          ; 0                           ; 0                           ; 0                            ; 1                    ;
; seq_state.S_SEQ_SODA_START     ; 0                          ; 0                           ; 0                             ; 0                              ; 0                         ; 1                          ; 0                          ; 0                           ; 0                           ; 0                            ; 1                    ;
; seq_state.S_SEQ_SODA_WAIT      ; 0                          ; 0                           ; 0                             ; 0                              ; 1                         ; 0                          ; 0                          ; 0                           ; 0                           ; 0                            ; 1                    ;
; seq_state.S_SEQ_ICECREAM_START ; 0                          ; 0                           ; 0                             ; 1                              ; 0                         ; 0                          ; 0                          ; 0                           ; 0                           ; 0                            ; 1                    ;
; seq_state.S_SEQ_ICECREAM_WAIT  ; 0                          ; 0                           ; 1                             ; 0                              ; 0                         ; 0                          ; 0                          ; 0                           ; 0                           ; 0                            ; 1                    ;
; seq_state.S_SEQ_PIZZA_START    ; 0                          ; 1                           ; 0                             ; 0                              ; 0                         ; 0                          ; 0                          ; 0                           ; 0                           ; 0                            ; 1                    ;
; seq_state.S_SEQ_PIZZA_WAIT     ; 1                          ; 0                           ; 0                             ; 0                              ; 0                         ; 0                          ; 0                          ; 0                           ; 0                           ; 0                            ; 1                    ;
+--------------------------------+----------------------------+-----------------------------+-------------------------------+--------------------------------+---------------------------+----------------------------+----------------------------+-----------------------------+-----------------------------+------------------------------+----------------------+


Encoding Type:  One-Hot
+------------------------------------------------------------------------------+
; State Machine - |Chat2SnackManager|DispenseController:dc_pizza|state         ;
+----------------+--------------+----------------+--------------+--------------+
; Name           ; state.S_WAIT ; state.S_REVERT ; state.S_PUSH ; state.S_IDLE ;
+----------------+--------------+----------------+--------------+--------------+
; state.S_IDLE   ; 0            ; 0              ; 0            ; 0            ;
; state.S_PUSH   ; 0            ; 0              ; 1            ; 1            ;
; state.S_REVERT ; 0            ; 1              ; 0            ; 1            ;
; state.S_WAIT   ; 1            ; 0              ; 0            ; 1            ;
+----------------+--------------+----------------+--------------+--------------+


Encoding Type:  One-Hot
+------------------------------------------------------------------------------+
; State Machine - |Chat2SnackManager|DispenseController:dc_ice_cream|state     ;
+----------------+--------------+----------------+--------------+--------------+
; Name           ; state.S_WAIT ; state.S_REVERT ; state.S_PUSH ; state.S_IDLE ;
+----------------+--------------+----------------+--------------+--------------+
; state.S_IDLE   ; 0            ; 0              ; 0            ; 0            ;
; state.S_PUSH   ; 0            ; 0              ; 1            ; 1            ;
; state.S_REVERT ; 0            ; 1              ; 0            ; 1            ;
; state.S_WAIT   ; 1            ; 0              ; 0            ; 1            ;
+----------------+--------------+----------------+--------------+--------------+


Encoding Type:  One-Hot
+------------------------------------------------------------------------------+
; State Machine - |Chat2SnackManager|DispenseController:dc_soda|state          ;
+----------------+--------------+----------------+--------------+--------------+
; Name           ; state.S_WAIT ; state.S_REVERT ; state.S_PUSH ; state.S_IDLE ;
+----------------+--------------+----------------+--------------+--------------+
; state.S_IDLE   ; 0            ; 0              ; 0            ; 0            ;
; state.S_PUSH   ; 0            ; 0              ; 1            ; 1            ;
; state.S_REVERT ; 0            ; 1              ; 0            ; 1            ;
; state.S_WAIT   ; 1            ; 0              ; 0            ; 1            ;
+----------------+--------------+----------------+--------------+--------------+


Encoding Type:  One-Hot
+------------------------------------------------------------------------------+
; State Machine - |Chat2SnackManager|DispenseController:dc_fries|state         ;
+----------------+--------------+----------------+--------------+--------------+
; Name           ; state.S_WAIT ; state.S_REVERT ; state.S_PUSH ; state.S_IDLE ;
+----------------+--------------+----------------+--------------+--------------+
; state.S_IDLE   ; 0            ; 0              ; 0            ; 0            ;
; state.S_PUSH   ; 0            ; 0              ; 1            ; 1            ;
; state.S_REVERT ; 0            ; 1              ; 0            ; 1            ;
; state.S_WAIT   ; 1            ; 0              ; 0            ; 1            ;
+----------------+--------------+----------------+--------------+--------------+


Encoding Type:  One-Hot
+------------------------------------------------------------------------------+
; State Machine - |Chat2SnackManager|DispenseController:dc_burger|state        ;
+----------------+--------------+----------------+--------------+--------------+
; Name           ; state.S_WAIT ; state.S_REVERT ; state.S_PUSH ; state.S_IDLE ;
+----------------+--------------+----------------+--------------+--------------+
; state.S_IDLE   ; 0            ; 0              ; 0            ; 0            ;
; state.S_PUSH   ; 0            ; 0              ; 1            ; 1            ;
; state.S_REVERT ; 0            ; 1              ; 0            ; 1            ;
; state.S_WAIT   ; 1            ; 0              ; 0            ; 1            ;
+----------------+--------------+----------------+--------------+--------------+


Encoding Type:  One-Hot
+----------------------------------------------------------------------------+
; State Machine - |Chat2SnackManager|UART_RX:uart_receiver|state             ;
+---------------+--------------+--------------+---------------+--------------+
; Name          ; state.S_STOP ; state.S_DATA ; state.S_START ; state.S_IDLE ;
+---------------+--------------+--------------+---------------+--------------+
; state.S_IDLE  ; 0            ; 0            ; 0             ; 0            ;
; state.S_START ; 0            ; 0            ; 1             ; 1            ;
; state.S_DATA  ; 0            ; 1            ; 0             ; 1            ;
; state.S_STOP  ; 1            ; 0            ; 0             ; 1            ;
+---------------+--------------+--------------+---------------+--------------+


+----------------------------------------------------------------------------------------------------------------------------------------+
; Registers Removed During Synthesis                                                                                                     ;
+-------------------------------------------------------------------+--------------------------------------------------------------------+
; Register name                                                     ; Reason for Removal                                                 ;
+-------------------------------------------------------------------+--------------------------------------------------------------------+
; pwm_servo_continuous:pwm_pizza|pulse_width_cnt[17..31]            ; Stuck at GND due to stuck port data_in                             ;
; pwm_servo_continuous:pwm_pizza|pulse_width_cnt[10]                ; Stuck at VCC due to stuck port data_in                             ;
; pwm_servo_continuous:pwm_pizza|pulse_width_cnt[0,1,8]             ; Stuck at GND due to stuck port data_in                             ;
; pwm_servo_continuous:pwm_ice_cream|pulse_width_cnt[17..31]        ; Stuck at GND due to stuck port data_in                             ;
; pwm_servo_continuous:pwm_ice_cream|pulse_width_cnt[10]            ; Stuck at VCC due to stuck port data_in                             ;
; pwm_servo_continuous:pwm_ice_cream|pulse_width_cnt[0,1,8]         ; Stuck at GND due to stuck port data_in                             ;
; pwm_servo_continuous:pwm_soda|pulse_width_cnt[17..31]             ; Stuck at GND due to stuck port data_in                             ;
; pwm_servo_continuous:pwm_soda|pulse_width_cnt[10]                 ; Stuck at VCC due to stuck port data_in                             ;
; pwm_servo_continuous:pwm_soda|pulse_width_cnt[0,1,8]              ; Stuck at GND due to stuck port data_in                             ;
; pwm_servo_continuous:pwm_fries|pulse_width_cnt[17..31]            ; Stuck at GND due to stuck port data_in                             ;
; pwm_servo_continuous:pwm_fries|pulse_width_cnt[10]                ; Stuck at VCC due to stuck port data_in                             ;
; pwm_servo_continuous:pwm_fries|pulse_width_cnt[0,1,8]             ; Stuck at GND due to stuck port data_in                             ;
; pwm_servo_continuous:pwm_burger|pulse_width_cnt[17..31]           ; Stuck at GND due to stuck port data_in                             ;
; pwm_servo_continuous:pwm_burger|pulse_width_cnt[10]               ; Stuck at VCC due to stuck port data_in                             ;
; pwm_servo_continuous:pwm_burger|pulse_width_cnt[0,1,8]            ; Stuck at GND due to stuck port data_in                             ;
; pwm_servo_continuous:pwm_pizza|pulse_width_cnt[7]                 ; Merged with pwm_servo_continuous:pwm_pizza|pulse_width_cnt[16]     ;
; pwm_servo_continuous:pwm_pizza|pulse_width_cnt[3,4,6,9,11,12]     ; Merged with pwm_servo_continuous:pwm_pizza|pulse_width_cnt[15]     ;
; pwm_servo_continuous:pwm_pizza|pulse_width_cnt[2,5,13]            ; Merged with pwm_servo_continuous:pwm_pizza|pulse_width_cnt[14]     ;
; pwm_servo_continuous:pwm_ice_cream|pulse_width_cnt[7]             ; Merged with pwm_servo_continuous:pwm_ice_cream|pulse_width_cnt[16] ;
; pwm_servo_continuous:pwm_ice_cream|pulse_width_cnt[3,4,6,9,11,12] ; Merged with pwm_servo_continuous:pwm_ice_cream|pulse_width_cnt[15] ;
; pwm_servo_continuous:pwm_ice_cream|pulse_width_cnt[2,5,13]        ; Merged with pwm_servo_continuous:pwm_ice_cream|pulse_width_cnt[14] ;
; pwm_servo_continuous:pwm_soda|pulse_width_cnt[7]                  ; Merged with pwm_servo_continuous:pwm_soda|pulse_width_cnt[16]      ;
; pwm_servo_continuous:pwm_soda|pulse_width_cnt[3,4,6,9,11,12]      ; Merged with pwm_servo_continuous:pwm_soda|pulse_width_cnt[15]      ;
; pwm_servo_continuous:pwm_soda|pulse_width_cnt[2,5,13]             ; Merged with pwm_servo_continuous:pwm_soda|pulse_width_cnt[14]      ;
; pwm_servo_continuous:pwm_fries|pulse_width_cnt[7]                 ; Merged with pwm_servo_continuous:pwm_fries|pulse_width_cnt[16]     ;
; pwm_servo_continuous:pwm_fries|pulse_width_cnt[3,4,6,9,11,12]     ; Merged with pwm_servo_continuous:pwm_fries|pulse_width_cnt[15]     ;
; pwm_servo_continuous:pwm_fries|pulse_width_cnt[2,5,13]            ; Merged with pwm_servo_continuous:pwm_fries|pulse_width_cnt[14]     ;
; pwm_servo_continuous:pwm_burger|pulse_width_cnt[7]                ; Merged with pwm_servo_continuous:pwm_burger|pulse_width_cnt[16]    ;
; pwm_servo_continuous:pwm_burger|pulse_width_cnt[3,4,6,9,11,12]    ; Merged with pwm_servo_continuous:pwm_burger|pulse_width_cnt[15]    ;
; pwm_servo_continuous:pwm_burger|pulse_width_cnt[2,5,13]           ; Merged with pwm_servo_continuous:pwm_burger|pulse_width_cnt[14]    ;
; pwm_servo_continuous:pwm_fries|pwm_counter[31]                    ; Merged with pwm_servo_continuous:pwm_burger|pwm_counter[31]        ;
; pwm_servo_continuous:pwm_ice_cream|pwm_counter[31]                ; Merged with pwm_servo_continuous:pwm_burger|pwm_counter[31]        ;
; pwm_servo_continuous:pwm_pizza|pwm_counter[31]                    ; Merged with pwm_servo_continuous:pwm_burger|pwm_counter[31]        ;
; pwm_servo_continuous:pwm_soda|pwm_counter[31]                     ; Merged with pwm_servo_continuous:pwm_burger|pwm_counter[31]        ;
; pwm_servo_continuous:pwm_fries|pwm_counter[30]                    ; Merged with pwm_servo_continuous:pwm_burger|pwm_counter[30]        ;
; pwm_servo_continuous:pwm_ice_cream|pwm_counter[30]                ; Merged with pwm_servo_continuous:pwm_burger|pwm_counter[30]        ;
; pwm_servo_continuous:pwm_pizza|pwm_counter[30]                    ; Merged with pwm_servo_continuous:pwm_burger|pwm_counter[30]        ;
; pwm_servo_continuous:pwm_soda|pwm_counter[30]                     ; Merged with pwm_servo_continuous:pwm_burger|pwm_counter[30]        ;
; pwm_servo_continuous:pwm_fries|pwm_counter[29]                    ; Merged with pwm_servo_continuous:pwm_burger|pwm_counter[29]        ;
; pwm_servo_continuous:pwm_ice_cream|pwm_counter[29]                ; Merged with pwm_servo_continuous:pwm_burger|pwm_counter[29]        ;
; pwm_servo_continuous:pwm_pizza|pwm_counter[29]                    ; Merged with pwm_servo_continuous:pwm_burger|pwm_counter[29]        ;
; pwm_servo_continuous:pwm_soda|pwm_counter[29]                     ; Merged with pwm_servo_continuous:pwm_burger|pwm_counter[29]        ;
; pwm_servo_continuous:pwm_fries|pwm_counter[28]                    ; Merged with pwm_servo_continuous:pwm_burger|pwm_counter[28]        ;
; pwm_servo_continuous:pwm_ice_cream|pwm_counter[28]                ; Merged with pwm_servo_continuous:pwm_burger|pwm_counter[28]        ;
; pwm_servo_continuous:pwm_pizza|pwm_counter[28]                    ; Merged with pwm_servo_continuous:pwm_burger|pwm_counter[28]        ;
; pwm_servo_continuous:pwm_soda|pwm_counter[28]                     ; Merged with pwm_servo_continuous:pwm_burger|pwm_counter[28]        ;
; pwm_servo_continuous:pwm_fries|pwm_counter[27]                    ; Merged with pwm_servo_continuous:pwm_burger|pwm_counter[27]        ;
; pwm_servo_continuous:pwm_ice_cream|pwm_counter[27]                ; Merged with pwm_servo_continuous:pwm_burger|pwm_counter[27]        ;
; pwm_servo_continuous:pwm_pizza|pwm_counter[27]                    ; Merged with pwm_servo_continuous:pwm_burger|pwm_counter[27]        ;
; pwm_servo_continuous:pwm_soda|pwm_counter[27]                     ; Merged with pwm_servo_continuous:pwm_burger|pwm_counter[27]        ;
; pwm_servo_continuous:pwm_fries|pwm_counter[26]                    ; Merged with pwm_servo_continuous:pwm_burger|pwm_counter[26]        ;
; pwm_servo_continuous:pwm_ice_cream|pwm_counter[26]                ; Merged with pwm_servo_continuous:pwm_burger|pwm_counter[26]        ;
; pwm_servo_continuous:pwm_pizza|pwm_counter[26]                    ; Merged with pwm_servo_continuous:pwm_burger|pwm_counter[26]        ;
; pwm_servo_continuous:pwm_soda|pwm_counter[26]                     ; Merged with pwm_servo_continuous:pwm_burger|pwm_counter[26]        ;
; pwm_servo_continuous:pwm_fries|pwm_counter[25]                    ; Merged with pwm_servo_continuous:pwm_burger|pwm_counter[25]        ;
; pwm_servo_continuous:pwm_ice_cream|pwm_counter[25]                ; Merged with pwm_servo_continuous:pwm_burger|pwm_counter[25]        ;
; pwm_servo_continuous:pwm_pizza|pwm_counter[25]                    ; Merged with pwm_servo_continuous:pwm_burger|pwm_counter[25]        ;
; pwm_servo_continuous:pwm_soda|pwm_counter[25]                     ; Merged with pwm_servo_continuous:pwm_burger|pwm_counter[25]        ;
; pwm_servo_continuous:pwm_fries|pwm_counter[24]                    ; Merged with pwm_servo_continuous:pwm_burger|pwm_counter[24]        ;
; pwm_servo_continuous:pwm_ice_cream|pwm_counter[24]                ; Merged with pwm_servo_continuous:pwm_burger|pwm_counter[24]        ;
; pwm_servo_continuous:pwm_pizza|pwm_counter[24]                    ; Merged with pwm_servo_continuous:pwm_burger|pwm_counter[24]        ;
; pwm_servo_continuous:pwm_soda|pwm_counter[24]                     ; Merged with pwm_servo_continuous:pwm_burger|pwm_counter[24]        ;
; pwm_servo_continuous:pwm_fries|pwm_counter[23]                    ; Merged with pwm_servo_continuous:pwm_burger|pwm_counter[23]        ;
; pwm_servo_continuous:pwm_ice_cream|pwm_counter[23]                ; Merged with pwm_servo_continuous:pwm_burger|pwm_counter[23]        ;
; pwm_servo_continuous:pwm_pizza|pwm_counter[23]                    ; Merged with pwm_servo_continuous:pwm_burger|pwm_counter[23]        ;
; pwm_servo_continuous:pwm_soda|pwm_counter[23]                     ; Merged with pwm_servo_continuous:pwm_burger|pwm_counter[23]        ;
; pwm_servo_continuous:pwm_fries|pwm_counter[22]                    ; Merged with pwm_servo_continuous:pwm_burger|pwm_counter[22]        ;
; pwm_servo_continuous:pwm_ice_cream|pwm_counter[22]                ; Merged with pwm_servo_continuous:pwm_burger|pwm_counter[22]        ;
; pwm_servo_continuous:pwm_pizza|pwm_counter[22]                    ; Merged with pwm_servo_continuous:pwm_burger|pwm_counter[22]        ;
; pwm_servo_continuous:pwm_soda|pwm_counter[22]                     ; Merged with pwm_servo_continuous:pwm_burger|pwm_counter[22]        ;
; pwm_servo_continuous:pwm_fries|pwm_counter[21]                    ; Merged with pwm_servo_continuous:pwm_burger|pwm_counter[21]        ;
; pwm_servo_continuous:pwm_ice_cream|pwm_counter[21]                ; Merged with pwm_servo_continuous:pwm_burger|pwm_counter[21]        ;
; pwm_servo_continuous:pwm_pizza|pwm_counter[21]                    ; Merged with pwm_servo_continuous:pwm_burger|pwm_counter[21]        ;
; pwm_servo_continuous:pwm_soda|pwm_counter[21]                     ; Merged with pwm_servo_continuous:pwm_burger|pwm_counter[21]        ;
; pwm_servo_continuous:pwm_fries|pwm_counter[20]                    ; Merged with pwm_servo_continuous:pwm_burger|pwm_counter[20]        ;
; pwm_servo_continuous:pwm_ice_cream|pwm_counter[20]                ; Merged with pwm_servo_continuous:pwm_burger|pwm_counter[20]        ;
; pwm_servo_continuous:pwm_pizza|pwm_counter[20]                    ; Merged with pwm_servo_continuous:pwm_burger|pwm_counter[20]        ;
; pwm_servo_continuous:pwm_soda|pwm_counter[20]                     ; Merged with pwm_servo_continuous:pwm_burger|pwm_counter[20]        ;
; pwm_servo_continuous:pwm_fries|pwm_counter[19]                    ; Merged with pwm_servo_continuous:pwm_burger|pwm_counter[19]        ;
; pwm_servo_continuous:pwm_ice_cream|pwm_counter[19]                ; Merged with pwm_servo_continuous:pwm_burger|pwm_counter[19]        ;
; pwm_servo_continuous:pwm_pizza|pwm_counter[19]                    ; Merged with pwm_servo_continuous:pwm_burger|pwm_counter[19]        ;
; pwm_servo_continuous:pwm_soda|pwm_counter[19]                     ; Merged with pwm_servo_continuous:pwm_burger|pwm_counter[19]        ;
; pwm_servo_continuous:pwm_fries|pwm_counter[18]                    ; Merged with pwm_servo_continuous:pwm_burger|pwm_counter[18]        ;
; pwm_servo_continuous:pwm_ice_cream|pwm_counter[18]                ; Merged with pwm_servo_continuous:pwm_burger|pwm_counter[18]        ;
; pwm_servo_continuous:pwm_pizza|pwm_counter[18]                    ; Merged with pwm_servo_continuous:pwm_burger|pwm_counter[18]        ;
; pwm_servo_continuous:pwm_soda|pwm_counter[18]                     ; Merged with pwm_servo_continuous:pwm_burger|pwm_counter[18]        ;
; pwm_servo_continuous:pwm_fries|pwm_counter[17]                    ; Merged with pwm_servo_continuous:pwm_burger|pwm_counter[17]        ;
; pwm_servo_continuous:pwm_ice_cream|pwm_counter[17]                ; Merged with pwm_servo_continuous:pwm_burger|pwm_counter[17]        ;
; pwm_servo_continuous:pwm_pizza|pwm_counter[17]                    ; Merged with pwm_servo_continuous:pwm_burger|pwm_counter[17]        ;
; pwm_servo_continuous:pwm_soda|pwm_counter[17]                     ; Merged with pwm_servo_continuous:pwm_burger|pwm_counter[17]        ;
; pwm_servo_continuous:pwm_fries|pwm_counter[16]                    ; Merged with pwm_servo_continuous:pwm_burger|pwm_counter[16]        ;
; pwm_servo_continuous:pwm_ice_cream|pwm_counter[16]                ; Merged with pwm_servo_continuous:pwm_burger|pwm_counter[16]        ;
; pwm_servo_continuous:pwm_pizza|pwm_counter[16]                    ; Merged with pwm_servo_continuous:pwm_burger|pwm_counter[16]        ;
; pwm_servo_continuous:pwm_soda|pwm_counter[16]                     ; Merged with pwm_servo_continuous:pwm_burger|pwm_counter[16]        ;
; pwm_servo_continuous:pwm_fries|pwm_counter[15]                    ; Merged with pwm_servo_continuous:pwm_burger|pwm_counter[15]        ;
; pwm_servo_continuous:pwm_ice_cream|pwm_counter[15]                ; Merged with pwm_servo_continuous:pwm_burger|pwm_counter[15]        ;
; pwm_servo_continuous:pwm_pizza|pwm_counter[15]                    ; Merged with pwm_servo_continuous:pwm_burger|pwm_counter[15]        ;
; pwm_servo_continuous:pwm_soda|pwm_counter[15]                     ; Merged with pwm_servo_continuous:pwm_burger|pwm_counter[15]        ;
; pwm_servo_continuous:pwm_fries|pwm_counter[14]                    ; Merged with pwm_servo_continuous:pwm_burger|pwm_counter[14]        ;
; pwm_servo_continuous:pwm_ice_cream|pwm_counter[14]                ; Merged with pwm_servo_continuous:pwm_burger|pwm_counter[14]        ;
; pwm_servo_continuous:pwm_pizza|pwm_counter[14]                    ; Merged with pwm_servo_continuous:pwm_burger|pwm_counter[14]        ;
; pwm_servo_continuous:pwm_soda|pwm_counter[14]                     ; Merged with pwm_servo_continuous:pwm_burger|pwm_counter[14]        ;
; pwm_servo_continuous:pwm_fries|pwm_counter[13]                    ; Merged with pwm_servo_continuous:pwm_burger|pwm_counter[13]        ;
; pwm_servo_continuous:pwm_ice_cream|pwm_counter[13]                ; Merged with pwm_servo_continuous:pwm_burger|pwm_counter[13]        ;
; pwm_servo_continuous:pwm_pizza|pwm_counter[13]                    ; Merged with pwm_servo_continuous:pwm_burger|pwm_counter[13]        ;
; pwm_servo_continuous:pwm_soda|pwm_counter[13]                     ; Merged with pwm_servo_continuous:pwm_burger|pwm_counter[13]        ;
; pwm_servo_continuous:pwm_fries|pwm_counter[12]                    ; Merged with pwm_servo_continuous:pwm_burger|pwm_counter[12]        ;
; pwm_servo_continuous:pwm_ice_cream|pwm_counter[12]                ; Merged with pwm_servo_continuous:pwm_burger|pwm_counter[12]        ;
; pwm_servo_continuous:pwm_pizza|pwm_counter[12]                    ; Merged with pwm_servo_continuous:pwm_burger|pwm_counter[12]        ;
; pwm_servo_continuous:pwm_soda|pwm_counter[12]                     ; Merged with pwm_servo_continuous:pwm_burger|pwm_counter[12]        ;
; pwm_servo_continuous:pwm_fries|pwm_counter[11]                    ; Merged with pwm_servo_continuous:pwm_burger|pwm_counter[11]        ;
; pwm_servo_continuous:pwm_ice_cream|pwm_counter[11]                ; Merged with pwm_servo_continuous:pwm_burger|pwm_counter[11]        ;
; pwm_servo_continuous:pwm_pizza|pwm_counter[11]                    ; Merged with pwm_servo_continuous:pwm_burger|pwm_counter[11]        ;
; pwm_servo_continuous:pwm_soda|pwm_counter[11]                     ; Merged with pwm_servo_continuous:pwm_burger|pwm_counter[11]        ;
; pwm_servo_continuous:pwm_fries|pwm_counter[10]                    ; Merged with pwm_servo_continuous:pwm_burger|pwm_counter[10]        ;
; pwm_servo_continuous:pwm_ice_cream|pwm_counter[10]                ; Merged with pwm_servo_continuous:pwm_burger|pwm_counter[10]        ;
; pwm_servo_continuous:pwm_pizza|pwm_counter[10]                    ; Merged with pwm_servo_continuous:pwm_burger|pwm_counter[10]        ;
; pwm_servo_continuous:pwm_soda|pwm_counter[10]                     ; Merged with pwm_servo_continuous:pwm_burger|pwm_counter[10]        ;
; pwm_servo_continuous:pwm_fries|pwm_counter[9]                     ; Merged with pwm_servo_continuous:pwm_burger|pwm_counter[9]         ;
; pwm_servo_continuous:pwm_ice_cream|pwm_counter[9]                 ; Merged with pwm_servo_continuous:pwm_burger|pwm_counter[9]         ;
; pwm_servo_continuous:pwm_pizza|pwm_counter[9]                     ; Merged with pwm_servo_continuous:pwm_burger|pwm_counter[9]         ;
; pwm_servo_continuous:pwm_soda|pwm_counter[9]                      ; Merged with pwm_servo_continuous:pwm_burger|pwm_counter[9]         ;
; pwm_servo_continuous:pwm_fries|pwm_counter[8]                     ; Merged with pwm_servo_continuous:pwm_burger|pwm_counter[8]         ;
; pwm_servo_continuous:pwm_ice_cream|pwm_counter[8]                 ; Merged with pwm_servo_continuous:pwm_burger|pwm_counter[8]         ;
; pwm_servo_continuous:pwm_pizza|pwm_counter[8]                     ; Merged with pwm_servo_continuous:pwm_burger|pwm_counter[8]         ;
; pwm_servo_continuous:pwm_soda|pwm_counter[8]                      ; Merged with pwm_servo_continuous:pwm_burger|pwm_counter[8]         ;
; pwm_servo_continuous:pwm_fries|pwm_counter[7]                     ; Merged with pwm_servo_continuous:pwm_burger|pwm_counter[7]         ;
; pwm_servo_continuous:pwm_ice_cream|pwm_counter[7]                 ; Merged with pwm_servo_continuous:pwm_burger|pwm_counter[7]         ;
; pwm_servo_continuous:pwm_pizza|pwm_counter[7]                     ; Merged with pwm_servo_continuous:pwm_burger|pwm_counter[7]         ;
; pwm_servo_continuous:pwm_soda|pwm_counter[7]                      ; Merged with pwm_servo_continuous:pwm_burger|pwm_counter[7]         ;
; pwm_servo_continuous:pwm_fries|pwm_counter[6]                     ; Merged with pwm_servo_continuous:pwm_burger|pwm_counter[6]         ;
; pwm_servo_continuous:pwm_ice_cream|pwm_counter[6]                 ; Merged with pwm_servo_continuous:pwm_burger|pwm_counter[6]         ;
; pwm_servo_continuous:pwm_pizza|pwm_counter[6]                     ; Merged with pwm_servo_continuous:pwm_burger|pwm_counter[6]         ;
; pwm_servo_continuous:pwm_soda|pwm_counter[6]                      ; Merged with pwm_servo_continuous:pwm_burger|pwm_counter[6]         ;
; pwm_servo_continuous:pwm_fries|pwm_counter[5]                     ; Merged with pwm_servo_continuous:pwm_burger|pwm_counter[5]         ;
; pwm_servo_continuous:pwm_ice_cream|pwm_counter[5]                 ; Merged with pwm_servo_continuous:pwm_burger|pwm_counter[5]         ;
; pwm_servo_continuous:pwm_pizza|pwm_counter[5]                     ; Merged with pwm_servo_continuous:pwm_burger|pwm_counter[5]         ;
; pwm_servo_continuous:pwm_soda|pwm_counter[5]                      ; Merged with pwm_servo_continuous:pwm_burger|pwm_counter[5]         ;
; pwm_servo_continuous:pwm_fries|pwm_counter[4]                     ; Merged with pwm_servo_continuous:pwm_burger|pwm_counter[4]         ;
; pwm_servo_continuous:pwm_ice_cream|pwm_counter[4]                 ; Merged with pwm_servo_continuous:pwm_burger|pwm_counter[4]         ;
; pwm_servo_continuous:pwm_pizza|pwm_counter[4]                     ; Merged with pwm_servo_continuous:pwm_burger|pwm_counter[4]         ;
; pwm_servo_continuous:pwm_soda|pwm_counter[4]                      ; Merged with pwm_servo_continuous:pwm_burger|pwm_counter[4]         ;
; pwm_servo_continuous:pwm_fries|pwm_counter[3]                     ; Merged with pwm_servo_continuous:pwm_burger|pwm_counter[3]         ;
; pwm_servo_continuous:pwm_ice_cream|pwm_counter[3]                 ; Merged with pwm_servo_continuous:pwm_burger|pwm_counter[3]         ;
; pwm_servo_continuous:pwm_pizza|pwm_counter[3]                     ; Merged with pwm_servo_continuous:pwm_burger|pwm_counter[3]         ;
; pwm_servo_continuous:pwm_soda|pwm_counter[3]                      ; Merged with pwm_servo_continuous:pwm_burger|pwm_counter[3]         ;
; pwm_servo_continuous:pwm_fries|pwm_counter[2]                     ; Merged with pwm_servo_continuous:pwm_burger|pwm_counter[2]         ;
; pwm_servo_continuous:pwm_ice_cream|pwm_counter[2]                 ; Merged with pwm_servo_continuous:pwm_burger|pwm_counter[2]         ;
; pwm_servo_continuous:pwm_pizza|pwm_counter[2]                     ; Merged with pwm_servo_continuous:pwm_burger|pwm_counter[2]         ;
; pwm_servo_continuous:pwm_soda|pwm_counter[2]                      ; Merged with pwm_servo_continuous:pwm_burger|pwm_counter[2]         ;
; pwm_servo_continuous:pwm_fries|pwm_counter[1]                     ; Merged with pwm_servo_continuous:pwm_burger|pwm_counter[1]         ;
; pwm_servo_continuous:pwm_ice_cream|pwm_counter[1]                 ; Merged with pwm_servo_continuous:pwm_burger|pwm_counter[1]         ;
; pwm_servo_continuous:pwm_pizza|pwm_counter[1]                     ; Merged with pwm_servo_continuous:pwm_burger|pwm_counter[1]         ;
; pwm_servo_continuous:pwm_soda|pwm_counter[1]                      ; Merged with pwm_servo_continuous:pwm_burger|pwm_counter[1]         ;
; pwm_servo_continuous:pwm_fries|pwm_counter[0]                     ; Merged with pwm_servo_continuous:pwm_burger|pwm_counter[0]         ;
; pwm_servo_continuous:pwm_ice_cream|pwm_counter[0]                 ; Merged with pwm_servo_continuous:pwm_burger|pwm_counter[0]         ;
; pwm_servo_continuous:pwm_pizza|pwm_counter[0]                     ; Merged with pwm_servo_continuous:pwm_burger|pwm_counter[0]         ;
; pwm_servo_continuous:pwm_soda|pwm_counter[0]                      ; Merged with pwm_servo_continuous:pwm_burger|pwm_counter[0]         ;
; seq_state~4                                                       ; Lost fanout                                                        ;
; seq_state~5                                                       ; Lost fanout                                                        ;
; seq_state~6                                                       ; Lost fanout                                                        ;
; seq_state~7                                                       ; Lost fanout                                                        ;
; DispenseController:dc_pizza|state~4                               ; Lost fanout                                                        ;
; DispenseController:dc_pizza|state~5                               ; Lost fanout                                                        ;
; DispenseController:dc_pizza|state~6                               ; Lost fanout                                                        ;
; DispenseController:dc_ice_cream|state~4                           ; Lost fanout                                                        ;
; DispenseController:dc_ice_cream|state~5                           ; Lost fanout                                                        ;
; DispenseController:dc_ice_cream|state~6                           ; Lost fanout                                                        ;
; DispenseController:dc_soda|state~4                                ; Lost fanout                                                        ;
; DispenseController:dc_soda|state~5                                ; Lost fanout                                                        ;
; DispenseController:dc_soda|state~6                                ; Lost fanout                                                        ;
; DispenseController:dc_fries|state~4                               ; Lost fanout                                                        ;
; DispenseController:dc_fries|state~5                               ; Lost fanout                                                        ;
; DispenseController:dc_fries|state~6                               ; Lost fanout                                                        ;
; DispenseController:dc_burger|state~4                              ; Lost fanout                                                        ;
; DispenseController:dc_burger|state~5                              ; Lost fanout                                                        ;
; DispenseController:dc_burger|state~6                              ; Lost fanout                                                        ;
; UART_RX:uart_receiver|state~8                                     ; Lost fanout                                                        ;
; UART_RX:uart_receiver|state~9                                     ; Lost fanout                                                        ;
; UART_RX:uart_receiver|state~10                                    ; Lost fanout                                                        ;
; Total Number of Removed Registers = 295                           ;                                                                    ;
+-------------------------------------------------------------------+--------------------------------------------------------------------+


+------------------------------------------------------+
; General Register Statistics                          ;
+----------------------------------------------+-------+
; Statistic                                    ; Value ;
+----------------------------------------------+-------+
; Total registers                              ; 340   ;
; Number of registers using Synchronous Clear  ; 224   ;
; Number of registers using Synchronous Load   ; 0     ;
; Number of registers using Asynchronous Clear ; 324   ;
; Number of registers using Asynchronous Load  ; 0     ;
; Number of registers using Clock Enable       ; 79    ;
; Number of registers using Preset             ; 0     ;
+----------------------------------------------+-------+


+------------------------------------------------------------------+
; Inverted Register Statistics                                     ;
+--------------------------------------------------------+---------+
; Inverted Register                                      ; Fan out ;
+--------------------------------------------------------+---------+
; pwm_servo_continuous:pwm_burger|pulse_width_cnt[16]    ; 3       ;
; pwm_servo_continuous:pwm_fries|pulse_width_cnt[16]     ; 3       ;
; pwm_servo_continuous:pwm_soda|pulse_width_cnt[16]      ; 3       ;
; pwm_servo_continuous:pwm_ice_cream|pulse_width_cnt[16] ; 3       ;
; pwm_servo_continuous:pwm_pizza|pulse_width_cnt[16]     ; 3       ;
; Total number of inverted registers = 5                 ;         ;
+--------------------------------------------------------+---------+


+--------------------------------------------------------------------------------------------------------------------------------------------------------------------------------------+
; Multiplexer Restructuring Statistics (Restructuring Performed)                                                                                                                       ;
+--------------------+-----------+---------------+----------------------+------------------------+------------+------------------------------------------------------------------------+
; Multiplexer Inputs ; Bus Width ; Baseline Area ; Area if Restructured ; Saving if Restructured ; Registered ; Example Multiplexer Output                                             ;
+--------------------+-----------+---------------+----------------------+------------------------+------------+------------------------------------------------------------------------+
; 5:1                ; 3 bits    ; 9 LEs         ; 6 LEs                ; 3 LEs                  ; Yes        ; |Chat2SnackManager|DispenseController:dc_pizza|dispense_counter[1]     ;
; 5:1                ; 3 bits    ; 9 LEs         ; 6 LEs                ; 3 LEs                  ; Yes        ; |Chat2SnackManager|DispenseController:dc_ice_cream|dispense_counter[2] ;
; 5:1                ; 3 bits    ; 9 LEs         ; 6 LEs                ; 3 LEs                  ; Yes        ; |Chat2SnackManager|DispenseController:dc_soda|dispense_counter[1]      ;
; 5:1                ; 3 bits    ; 9 LEs         ; 6 LEs                ; 3 LEs                  ; Yes        ; |Chat2SnackManager|DispenseController:dc_fries|dispense_counter[2]     ;
; 5:1                ; 3 bits    ; 9 LEs         ; 6 LEs                ; 3 LEs                  ; Yes        ; |Chat2SnackManager|DispenseController:dc_burger|dispense_counter[2]    ;
; 8:1                ; 32 bits   ; 160 LEs       ; 32 LEs               ; 128 LEs                ; Yes        ; |Chat2SnackManager|UART_RX:uart_receiver|clk_counter[28]               ;
; 6:1                ; 2 bits    ; 8 LEs         ; 4 LEs                ; 4 LEs                  ; No         ; |Chat2SnackManager|DispenseController:dc_pizza|Selector3               ;
; 6:1                ; 2 bits    ; 8 LEs         ; 4 LEs                ; 4 LEs                  ; No         ; |Chat2SnackManager|DispenseController:dc_ice_cream|Selector0           ;
; 6:1                ; 2 bits    ; 8 LEs         ; 4 LEs                ; 4 LEs                  ; No         ; |Chat2SnackManager|DispenseController:dc_soda|Selector0                ;
; 6:1                ; 2 bits    ; 8 LEs         ; 4 LEs                ; 4 LEs                  ; No         ; |Chat2SnackManager|DispenseController:dc_fries|Selector0               ;
; 6:1                ; 2 bits    ; 8 LEs         ; 4 LEs                ; 4 LEs                  ; No         ; |Chat2SnackManager|DispenseController:dc_burger|Selector3              ;
; 8:1                ; 2 bits    ; 10 LEs        ; 4 LEs                ; 6 LEs                  ; No         ; |Chat2SnackManager|UART_RX:uart_receiver|Selector38                    ;
; 8:1                ; 2 bits    ; 10 LEs        ; 4 LEs                ; 6 LEs                  ; No         ; |Chat2SnackManager|UART_RX:uart_receiver|Selector35                    ;
; 14:1               ; 2 bits    ; 18 LEs        ; 4 LEs                ; 14 LEs                 ; No         ; |Chat2SnackManager|Selector4                                           ;
; 14:1               ; 2 bits    ; 18 LEs        ; 6 LEs                ; 12 LEs                 ; No         ; |Chat2SnackManager|Selector3                                           ;
; 14:1               ; 2 bits    ; 18 LEs        ; 4 LEs                ; 14 LEs                 ; No         ; |Chat2SnackManager|Selector6                                           ;
; 14:1               ; 2 bits    ; 18 LEs        ; 4 LEs                ; 14 LEs                 ; No         ; |Chat2SnackManager|Selector9                                           ;
; 14:1               ; 2 bits    ; 18 LEs        ; 4 LEs                ; 14 LEs                 ; No         ; |Chat2SnackManager|Selector0                                           ;
+--------------------+-----------+---------------+----------------------+------------------------+------------+------------------------------------------------------------------------+


+--------------------------------------------------------------------+
; Parameter Settings for User Entity Instance: UART_RX:uart_receiver ;
+----------------+----------+----------------------------------------+
; Parameter Name ; Value    ; Type                                   ;
+----------------+----------+----------------------------------------+
; CLK_FREQ       ; 50000000 ; Signed Integer                         ;
; BAUD_RATE      ; 9600     ; Signed Integer                         ;
+----------------+----------+----------------------------------------+
Note: In order to hide this table in the UI and the text report file, please set the "Show Parameter Settings in Synthesis Report" option in "Analysis and Synthesis Settings -> More Settings" to "Off".


+---------------------------------------------------------------------------+
; Parameter Settings for User Entity Instance: DispenseController:dc_burger ;
+----------------+----------+-----------------------------------------------+
; Parameter Name ; Value    ; Type                                          ;
+----------------+----------+-----------------------------------------------+
; CLK_FREQ       ; 50000000 ; Signed Integer                                ;
+----------------+----------+-----------------------------------------------+
Note: In order to hide this table in the UI and the text report file, please set the "Show Parameter Settings in Synthesis Report" option in "Analysis and Synthesis Settings -> More Settings" to "Off".


+--------------------------------------------------------------------------+
; Parameter Settings for User Entity Instance: DispenseController:dc_fries ;
+----------------+----------+----------------------------------------------+
; Parameter Name ; Value    ; Type                                         ;
+----------------+----------+----------------------------------------------+
; CLK_FREQ       ; 50000000 ; Signed Integer                               ;
+----------------+----------+----------------------------------------------+
Note: In order to hide this table in the UI and the text report file, please set the "Show Parameter Settings in Synthesis Report" option in "Analysis and Synthesis Settings -> More Settings" to "Off".


+-------------------------------------------------------------------------+
; Parameter Settings for User Entity Instance: DispenseController:dc_soda ;
+----------------+----------+---------------------------------------------+
; Parameter Name ; Value    ; Type                                        ;
+----------------+----------+---------------------------------------------+
; CLK_FREQ       ; 50000000 ; Signed Integer                              ;
+----------------+----------+---------------------------------------------+
Note: In order to hide this table in the UI and the text report file, please set the "Show Parameter Settings in Synthesis Report" option in "Analysis and Synthesis Settings -> More Settings" to "Off".


+------------------------------------------------------------------------------+
; Parameter Settings for User Entity Instance: DispenseController:dc_ice_cream ;
+----------------+----------+--------------------------------------------------+
; Parameter Name ; Value    ; Type                                             ;
+----------------+----------+--------------------------------------------------+
; CLK_FREQ       ; 50000000 ; Signed Integer                                   ;
+----------------+----------+--------------------------------------------------+
Note: In order to hide this table in the UI and the text report file, please set the "Show Parameter Settings in Synthesis Report" option in "Analysis and Synthesis Settings -> More Settings" to "Off".


+--------------------------------------------------------------------------+
; Parameter Settings for User Entity Instance: DispenseController:dc_pizza ;
+----------------+----------+----------------------------------------------+
; Parameter Name ; Value    ; Type                                         ;
+----------------+----------+----------------------------------------------+
; CLK_FREQ       ; 50000000 ; Signed Integer                               ;
+----------------+----------+----------------------------------------------+
Note: In order to hide this table in the UI and the text report file, please set the "Show Parameter Settings in Synthesis Report" option in "Analysis and Synthesis Settings -> More Settings" to "Off".


+------------------------------------------------------------------------------+
; Parameter Settings for User Entity Instance: pwm_servo_continuous:pwm_burger ;
+----------------+----------+--------------------------------------------------+
; Parameter Name ; Value    ; Type                                             ;
+----------------+----------+--------------------------------------------------+
; CLK_FREQ       ; 50000000 ; Signed Integer                                   ;
; PWM_FREQ       ; 50       ; Signed Integer                                   ;
+----------------+----------+--------------------------------------------------+
Note: In order to hide this table in the UI and the text report file, please set the "Show Parameter Settings in Synthesis Report" option in "Analysis and Synthesis Settings -> More Settings" to "Off".


+-----------------------------------------------------------------------------+
; Parameter Settings for User Entity Instance: pwm_servo_continuous:pwm_fries ;
+----------------+----------+-------------------------------------------------+
; Parameter Name ; Value    ; Type                                            ;
+----------------+----------+-------------------------------------------------+
; CLK_FREQ       ; 50000000 ; Signed Integer                                  ;
; PWM_FREQ       ; 50       ; Signed Integer                                  ;
+----------------+----------+-------------------------------------------------+
Note: In order to hide this table in the UI and the text report file, please set the "Show Parameter Settings in Synthesis Report" option in "Analysis and Synthesis Settings -> More Settings" to "Off".


+----------------------------------------------------------------------------+
; Parameter Settings for User Entity Instance: pwm_servo_continuous:pwm_soda ;
+----------------+----------+------------------------------------------------+
; Parameter Name ; Value    ; Type                                           ;
+----------------+----------+------------------------------------------------+
; CLK_FREQ       ; 50000000 ; Signed Integer                                 ;
; PWM_FREQ       ; 50       ; Signed Integer                                 ;
+----------------+----------+------------------------------------------------+
Note: In order to hide this table in the UI and the text report file, please set the "Show Parameter Settings in Synthesis Report" option in "Analysis and Synthesis Settings -> More Settings" to "Off".


+---------------------------------------------------------------------------------+
; Parameter Settings for User Entity Instance: pwm_servo_continuous:pwm_ice_cream ;
+----------------+----------+-----------------------------------------------------+
; Parameter Name ; Value    ; Type                                                ;
+----------------+----------+-----------------------------------------------------+
; CLK_FREQ       ; 50000000 ; Signed Integer                                      ;
; PWM_FREQ       ; 50       ; Signed Integer                                      ;
+----------------+----------+-----------------------------------------------------+
Note: In order to hide this table in the UI and the text report file, please set the "Show Parameter Settings in Synthesis Report" option in "Analysis and Synthesis Settings -> More Settings" to "Off".


+-----------------------------------------------------------------------------+
; Parameter Settings for User Entity Instance: pwm_servo_continuous:pwm_pizza ;
+----------------+----------+-------------------------------------------------+
; Parameter Name ; Value    ; Type                                            ;
+----------------+----------+-------------------------------------------------+
; CLK_FREQ       ; 50000000 ; Signed Integer                                  ;
; PWM_FREQ       ; 50       ; Signed Integer                                  ;
+----------------+----------+-------------------------------------------------+
Note: In order to hide this table in the UI and the text report file, please set the "Show Parameter Settings in Synthesis Report" option in "Analysis and Synthesis Settings -> More Settings" to "Off".


+-----------------------------------------------------+
; Post-Synthesis Netlist Statistics for Top Partition ;
+-----------------------+-----------------------------+
; Type                  ; Count                       ;
+-----------------------+-----------------------------+
; boundary_port         ; 29                          ;
; cycloneiii_ff         ; 340                         ;
;     CLR               ; 61                          ;
;     CLR SCLR          ; 192                         ;
;     ENA               ; 8                           ;
;     ENA CLR           ; 39                          ;
;     ENA CLR SCLR      ; 32                          ;
;     plain             ; 8                           ;
; cycloneiii_lcell_comb ; 554                         ;
;     arith             ; 217                         ;
;         2 data inputs ; 217                         ;
;     normal            ; 337                         ;
;         1 data inputs ; 12                          ;
;         2 data inputs ; 43                          ;
;         3 data inputs ; 56                          ;
;         4 data inputs ; 226                         ;
;                       ;                             ;
; Max LUT depth         ; 7.00                        ;
; Average LUT depth     ; 3.92                        ;
+-----------------------+-----------------------------+


+-------------------------------+
; Elapsed Time Per Partition    ;
+----------------+--------------+
; Partition Name ; Elapsed Time ;
+----------------+--------------+
; Top            ; 00:00:01     ;
+----------------+--------------+


+-------------------------------+
; Analysis & Synthesis Messages ;
+-------------------------------+
Info: *******************************************************************
Info: Running Quartus Prime Analysis & Synthesis
    Info: Version 24.1std.0 Build 1077 03/04/2025 SC Lite Edition
    Info: Processing started: Fri Nov  7 11:30:31 2025
Info: Command: quartus_map --read_settings_files=on --write_settings_files=off Chat2SnackManager -c Chat2SnackManager
Warning (18236): Number of processors has not been specified which may cause overloading on shared machines.  Set the global assignment NUM_PARALLEL_PROCESSORS in your QSF to an appropriate value for best performance.
Info (20030): Parallel compilation is enabled and will use 12 of the 12 processors detected
Info (12021): Found 1 design units, including 1 entities, in source file /users/allen/downloads/chat2snackmanager.v
    Info (12023): Found entity 1: Chat2SnackManager File: C:/Users/allen/Downloads/Chat2SnackManager.v Line: 12
Info (12021): Found 1 design units, including 1 entities, in source file /users/allen/downloads/dispensecontroller.v
    Info (12023): Found entity 1: DispenseController File: C:/Users/allen/Downloads/DispenseController.v Line: 10
Info (12021): Found 1 design units, including 1 entities, in source file /users/allen/downloads/uart_rx.v
    Info (12023): Found entity 1: UART_RX File: C:/Users/allen/Downloads/UART_RX.v Line: 6
Info (12021): Found 1 design units, including 1 entities, in source file /users/allen/downloads/pwm_servo_simple.v
    Info (12023): Found entity 1: pwm_servo_simple File: C:/Users/allen/Downloads/pwm_servo_simple.v Line: 6
Info (12021): Found 1 design units, including 1 entities, in source file /users/allen/downloads/pwm_servo_continuous.v
    Info (12023): Found entity 1: pwm_servo_continuous File: C:/Users/allen/Downloads/pwm_servo_continuous.v Line: 9
Info (12127): Elaborating entity "Chat2SnackManager" for the top level hierarchy
Warning (10036): Verilog HDL or VHDL warning at Chat2SnackManager.v(123): object "system_busy" assigned a value but never read File: C:/Users/allen/Downloads/Chat2SnackManager.v Line: 123
Warning (10230): Verilog HDL assignment warning at Chat2SnackManager.v(59): truncated value with size 32 to match size of target (1) File: C:/Users/allen/Downloads/Chat2SnackManager.v Line: 59
Warning (10230): Verilog HDL assignment warning at Chat2SnackManager.v(70): truncated value with size 32 to match size of target (1) File: C:/Users/allen/Downloads/Chat2SnackManager.v Line: 70
Warning (10230): Verilog HDL assignment warning at Chat2SnackManager.v(80): truncated value with size 32 to match size of target (1) File: C:/Users/allen/Downloads/Chat2SnackManager.v Line: 80
Info (12128): Elaborating entity "UART_RX" for hierarchy "UART_RX:uart_receiver" File: C:/Users/allen/Downloads/Chat2SnackManager.v Line: 46
Warning (10230): Verilog HDL assignment warning at UART_RX.v(75): truncated value with size 32 to match size of target (3) File: C:/Users/allen/Downloads/UART_RX.v Line: 75
Info (12128): Elaborating entity "DispenseController" for hierarchy "DispenseController:dc_burger" File: C:/Users/allen/Downloads/Chat2SnackManager.v Line: 235
Warning (10230): Verilog HDL assignment warning at DispenseController.v(109): truncated value with size 32 to match size of target (3) File: C:/Users/allen/Downloads/DispenseController.v Line: 109
Info (12128): Elaborating entity "pwm_servo_continuous" for hierarchy "pwm_servo_continuous:pwm_burger" File: C:/Users/allen/Downloads/Chat2SnackManager.v Line: 275
Info (10264): Verilog HDL Case Statement information at pwm_servo_continuous.v(53): all case item expressions in this case statement are onehot File: C:/Users/allen/Downloads/pwm_servo_continuous.v Line: 53
Info (13000): Registers with preset signals will power-up high File: C:/Users/allen/Downloads/pwm_servo_continuous.v Line: 53
Info (13003): DEV_CLRn pin will set, and not reset, register with preset signal due to NOT Gate Push-Back
Info (286030): Timing-Driven Synthesis is running
Info (17049): 22 registers lost all their fanouts during netlist optimizations.
Info (144001): Generated suppressed messages file C:/Users/allen/LocalRepo/FINAL_verilog/output_files/Chat2SnackManager.map.smsg
Info (16010): Generating hard_block partition "hard_block:auto_generated_inst"
    Info (16011): Adding 0 node(s), including 0 DDIO, 0 PLL, 0 transceiver and 0 LCELL
Info (21057): Implemented 620 device resources after synthesis - the final resource count might be different
    Info (21058): Implemented 3 input pins
    Info (21059): Implemented 26 output pins
    Info (21061): Implemented 591 logic cells
Info: Quartus Prime Analysis & Synthesis was successful. 0 errors, 7 warnings
    Info: Peak virtual memory: 4861 megabytes
    Info: Processing ended: Fri Nov  7 11:30:42 2025
    Info: Elapsed time: 00:00:11
    Info: Total CPU time (on all processors): 00:00:21


+------------------------------------------+
; Analysis & Synthesis Suppressed Messages ;
+------------------------------------------+
The suppressed messages can be found in C:/Users/allen/LocalRepo/FINAL_verilog/output_files/Chat2SnackManager.map.smsg.


